빌드 시작: 2018-06-26 오후 12:14:08
     1>2 노드의 "C:\Users\Com2us\Documents\Visual Studio 2010\Projects\다이사이\SocketMultiEcho\SocketMultiEcho.vcxproj" 프로젝트(build 대상)입니다.
     1>InitializeBuildStatus:
         "AlwaysCreate"이(가) 지정되었기 때문에 "Release\SocketMultiEchoClient.unsuccessfulbuild"을(를) 만들고 있습니다.
       ClCompile:
         모든 출력이 최신 상태입니다.
         C:\Program Files (x86)\Microsoft Visual Studio 10.0\VC\bin\CL.exe /c /Zi /nologo /W3 /WX- /O2 /Oi /Oy- /GL /D WIN32 /D NDEBUG /D _CONSOLE /D _UNICODE /D UNICODE /Gm- /EHsc /MD /GS /Gy /fp:precise /Zc:wchar_t /Zc:forScope /Yu"StdAfx.h" /Fp"Release\SocketMultiEchoClient.pch" /Fo"Release\\" /Fd"Release\vc100.pdb" /Gd /TP /analyze- /errorReport:prompt SocketMultiEcho.cpp
         SocketMultiEcho.cpp
     1>SocketMultiEcho.cpp(39): warning C4996: 'strcpy': This function or variable may be unsafe. Consider using strcpy_s instead. To disable deprecation, use _CRT_SECURE_NO_WARNINGS. See online help for details.
                 C:\Program Files (x86)\Microsoft Visual Studio 10.0\VC\include\string.h(105) : 'strcpy' 선언을 참조하십시오.
     1>SocketMultiEcho.cpp(86): warning C4018: '>' : signed 또는 unsigned가 일치하지 않습니다.
     1>SocketMultiEcho.cpp(206): warning C4101: 'rbuf' :참조되지 않은 지역 변수입니다.
       Link:
         C:\Program Files (x86)\Microsoft Visual Studio 10.0\VC\bin\link.exe /ERRORREPORT:PROMPT /OUT:"C:\Users\Com2us\Documents\Visual Studio 2010\Projects\다이사이\Release\SocketMultiEchoClient.exe" /INCREMENTAL:NO /NOLOGO kernel32.lib user32.lib gdi32.lib winspool.lib comdlg32.lib advapi32.lib shell32.lib ole32.lib oleaut32.lib uuid.lib odbc32.lib odbccp32.lib /MANIFEST /ManifestFile:"Release\SocketMultiEchoClient.exe.intermediate.manifest" /MANIFESTUAC:"level='asInvoker' uiAccess='false'" /DEBUG /PDB:"C:\Users\Com2us\Documents\Visual Studio 2010\Projects\다이사이\Release\SocketMultiEchoClient.pdb" /SUBSYSTEM:CONSOLE /OPT:REF /OPT:ICF /LTCG /TLBID:1 /DYNAMICBASE /NXCOMPAT /IMPLIB:"C:\Users\Com2us\Documents\Visual Studio 2010\Projects\다이사이\Release\SocketMultiEchoClient.lib" /MACHINE:X86 Release\SocketMultiEcho.obj
         Release\stdafx.obj
         코드를 생성하고 있습니다.
         코드를 생성했습니다.
         SocketMultiEcho.vcxproj -> C:\Users\Com2us\Documents\Visual Studio 2010\Projects\다이사이\Release\SocketMultiEchoClient.exe
       Manifest:
         C:\Program Files (x86)\Microsoft SDKs\Windows\v7.0A\bin\mt.exe /nologo /verbose /outputresource:"C:\Users\Com2us\Documents\Visual Studio 2010\Projects\다이사이\Release\SocketMultiEchoClient.exe;#1" /manifest Release\SocketMultiEchoClient.exe.intermediate.manifest
       FinalizeBuildStatus:
         "Release\SocketMultiEchoClient.unsuccessfulbuild" 파일을 삭제하고 있습니다.
         "Release\SocketMultiEchoClient.lastbuildstate"에 연결(touching)하고 있습니다.
     1>"C:\Users\Com2us\Documents\Visual Studio 2010\Projects\다이사이\SocketMultiEcho\SocketMultiEcho.vcxproj" 프로젝트를 빌드했습니다(build 대상).

빌드했습니다.

경과 시간: 00:00:00.95
