C:\USERS\COM2US\DOCUMENTS\VISUAL STUDIO 2010\PROJECTS\SOCKETMULTIECHO\RELEASE\SOCKETMULTIECHOCLIENT.EXE
C:\USERS\COM2US\DOCUMENTS\VISUAL STUDIO 2010\PROJECTS\SOCKETMULTIECHO\RELEASE\SOCKETMULTIECHOCLIENT.PDB
C:\USERS\COM2US\DOCUMENTS\VISUAL STUDIO 2010\PROJECTS\SOCKETMULTIECHO\SOCKETMULTIECHO\RELEASE\SOCKETMULTIECHO.OBJ
C:\USERS\COM2US\DOCUMENTS\VISUAL STUDIO 2010\PROJECTS\SOCKETMULTIECHO\SOCKETMULTIECHO\RELEASE\SOCKETMULTIECHOCLIENT.EXE.INTERMEDIATE.MANIFEST
C:\USERS\COM2US\DOCUMENTS\VISUAL STUDIO 2010\PROJECTS\SOCKETMULTIECHO\SOCKETMULTIECHO\RELEASE\SOCKETMULTIECHOCLIENT.PCH
C:\USERS\COM2US\DOCUMENTS\VISUAL STUDIO 2010\PROJECTS\SOCKETMULTIECHO\SOCKETMULTIECHO\RELEASE\STDAFX.OBJ
C:\USERS\COM2US\DOCUMENTS\VISUAL STUDIO 2010\PROJECTS\SOCKETMULTIECHO\SOCKETMULTIECHO\RELEASE\VC100.PDB
C:\USERS\COM2US\DOCUMENTS\VISUAL STUDIO 2010\PROJECTS\SOCKETNONBLOCK\RELEASE\SOCKETMULTIECHOCLIENT.EXE
C:\USERS\COM2US\DOCUMENTS\VISUAL STUDIO 2010\PROJECTS\SOCKETNONBLOCK\RELEASE\SOCKETMULTIECHOCLIENT.PDB
C:\USERS\COM2US\DOCUMENTS\VISUAL STUDIO 2010\PROJECTS\SOCKETNONBLOCK\SOCKETMULTIECHO\RELEASE\SOCKETMULTIECHO.OBJ
C:\USERS\COM2US\DOCUMENTS\VISUAL STUDIO 2010\PROJECTS\SOCKETNONBLOCK\SOCKETMULTIECHO\RELEASE\SOCKETMULTIECHOCLIENT.EXE.INTERMEDIATE.MANIFEST
C:\USERS\COM2US\DOCUMENTS\VISUAL STUDIO 2010\PROJECTS\SOCKETNONBLOCK\SOCKETMULTIECHO\RELEASE\SOCKETMULTIECHOCLIENT.PCH
C:\USERS\COM2US\DOCUMENTS\VISUAL STUDIO 2010\PROJECTS\SOCKETNONBLOCK\SOCKETMULTIECHO\RELEASE\STDAFX.OBJ
C:\USERS\COM2US\DOCUMENTS\VISUAL STUDIO 2010\PROJECTS\SOCKETNONBLOCK\SOCKETMULTIECHO\RELEASE\VC100.PDB
C:\USERS\COM2US\DOCUMENTS\VISUAL STUDIO 2010\PROJECTS\다이사이\RELEASE\SOCKETMULTIECHOCLIENT.EXE
C:\USERS\COM2US\DOCUMENTS\VISUAL STUDIO 2010\PROJECTS\다이사이\RELEASE\SOCKETMULTIECHOCLIENT.PDB
C:\Users\Com2us\Documents\Visual Studio 2010\Projects\다이사이\SocketMultiEcho\Release\cl.command.1.tlog
C:\Users\Com2us\Documents\Visual Studio 2010\Projects\다이사이\SocketMultiEcho\Release\CL.read.1.tlog
C:\Users\Com2us\Documents\Visual Studio 2010\Projects\다이사이\SocketMultiEcho\Release\CL.write.1.tlog
C:\Users\Com2us\Documents\Visual Studio 2010\Projects\다이사이\SocketMultiEcho\Release\link.command.1.tlog
C:\Users\Com2us\Documents\Visual Studio 2010\Projects\다이사이\SocketMultiEcho\Release\link.read.1.tlog
C:\Users\Com2us\Documents\Visual Studio 2010\Projects\다이사이\SocketMultiEcho\Release\link.write.1.tlog
C:\Users\Com2us\Documents\Visual Studio 2010\Projects\다이사이\SocketMultiEcho\Release\mt.command.1.tlog
C:\Users\Com2us\Documents\Visual Studio 2010\Projects\다이사이\SocketMultiEcho\Release\mt.read.1.tlog
C:\Users\Com2us\Documents\Visual Studio 2010\Projects\다이사이\SocketMultiEcho\Release\mt.write.1.tlog
C:\USERS\COM2US\DOCUMENTS\VISUAL STUDIO 2010\PROJECTS\다이사이\SOCKETMULTIECHO\RELEASE\SOCKETMULTIECHO.OBJ
C:\Users\Com2us\Documents\Visual Studio 2010\Projects\다이사이\SocketMultiEcho\Release\SocketMultiEcho.vcxprojResolveAssemblyReference.cache
C:\USERS\COM2US\DOCUMENTS\VISUAL STUDIO 2010\PROJECTS\다이사이\SOCKETMULTIECHO\RELEASE\SOCKETMULTIECHOCLIENT.EXE.INTERMEDIATE.MANIFEST
C:\USERS\COM2US\DOCUMENTS\VISUAL STUDIO 2010\PROJECTS\다이사이\SOCKETMULTIECHO\RELEASE\SOCKETMULTIECHOCLIENT.PCH
C:\Users\Com2us\Documents\Visual Studio 2010\Projects\다이사이\SocketMultiEcho\Release\SocketMultiEchoClient.write.1.tlog
C:\USERS\COM2US\DOCUMENTS\VISUAL STUDIO 2010\PROJECTS\다이사이\SOCKETMULTIECHO\RELEASE\STDAFX.OBJ
C:\USERS\COM2US\DOCUMENTS\VISUAL STUDIO 2010\PROJECTS\다이사이\SOCKETMULTIECHO\RELEASE\VC100.PDB
