C:\USERS\COM2US\DOCUMENTS\VISUAL STUDIO 2010\PROJECTS\SOCKETMULTIECHO\RELEASE\SOCKETMULTIECHOSERVER.EXE
C:\USERS\COM2US\DOCUMENTS\VISUAL STUDIO 2010\PROJECTS\SOCKETMULTIECHO\SOCKETMULTIECHOSERVER\RELEASE\SOCKETMULTIECHOSERVER.OBJ
C:\USERS\COM2US\DOCUMENTS\VISUAL STUDIO 2010\PROJECTS\SOCKETMULTIECHO\SOCKETMULTIECHOSERVER\RELEASE\SOCKETMULTIECHOSERVER.PCH
C:\USERS\COM2US\DOCUMENTS\VISUAL STUDIO 2010\PROJECTS\SOCKETMULTIECHO\SOCKETMULTIECHOSERVER\RELEASE\STDAFX.OBJ
C:\USERS\COM2US\DOCUMENTS\VISUAL STUDIO 2010\PROJECTS\SOCKETMULTIECHO\SOCKETMULTIECHOSERVER\RELEASE\VC100.PDB
C:\USERS\COM2US\DOCUMENTS\VISUAL STUDIO 2010\PROJECTS\SOCKETNONBLOCK\RELEASE\SOCKETMULTIECHOSERVER.EXE
C:\USERS\COM2US\DOCUMENTS\VISUAL STUDIO 2010\PROJECTS\SOCKETNONBLOCK\RELEASE\SOCKETMULTIECHOSERVER.PDB
C:\USERS\COM2US\DOCUMENTS\VISUAL STUDIO 2010\PROJECTS\SOCKETNONBLOCK\SOCKETMULTIECHOSERVER\RELEASE\SOCKETMULTIECHOSERVER.EXE.INTERMEDIATE.MANIFEST
C:\USERS\COM2US\DOCUMENTS\VISUAL STUDIO 2010\PROJECTS\SOCKETNONBLOCK\SOCKETMULTIECHOSERVER\RELEASE\SOCKETMULTIECHOSERVER.OBJ
C:\USERS\COM2US\DOCUMENTS\VISUAL STUDIO 2010\PROJECTS\SOCKETNONBLOCK\SOCKETMULTIECHOSERVER\RELEASE\SOCKETMULTIECHOSERVER.PCH
C:\USERS\COM2US\DOCUMENTS\VISUAL STUDIO 2010\PROJECTS\SOCKETNONBLOCK\SOCKETMULTIECHOSERVER\RELEASE\STDAFX.OBJ
C:\USERS\COM2US\DOCUMENTS\VISUAL STUDIO 2010\PROJECTS\SOCKETNONBLOCK\SOCKETMULTIECHOSERVER\RELEASE\VC100.PDB
C:\USERS\COM2US\DOCUMENTS\VISUAL STUDIO 2010\PROJECTS\다이사이\RELEASE\SOCKETMULTIECHOSERVER.EXE
C:\USERS\COM2US\DOCUMENTS\VISUAL STUDIO 2010\PROJECTS\다이사이\RELEASE\SOCKETMULTIECHOSERVER.PDB
C:\Users\Com2us\Documents\Visual Studio 2010\Projects\다이사이\SocketMultiEchoServer\Release\cl.command.1.tlog
C:\Users\Com2us\Documents\Visual Studio 2010\Projects\다이사이\SocketMultiEchoServer\Release\CL.read.1.tlog
C:\Users\Com2us\Documents\Visual Studio 2010\Projects\다이사이\SocketMultiEchoServer\Release\CL.write.1.tlog
C:\Users\Com2us\Documents\Visual Studio 2010\Projects\다이사이\SocketMultiEchoServer\Release\link.command.1.tlog
C:\Users\Com2us\Documents\Visual Studio 2010\Projects\다이사이\SocketMultiEchoServer\Release\link.read.1.tlog
C:\Users\Com2us\Documents\Visual Studio 2010\Projects\다이사이\SocketMultiEchoServer\Release\link.write.1.tlog
C:\Users\Com2us\Documents\Visual Studio 2010\Projects\다이사이\SocketMultiEchoServer\Release\mt.command.1.tlog
C:\Users\Com2us\Documents\Visual Studio 2010\Projects\다이사이\SocketMultiEchoServer\Release\mt.read.1.tlog
C:\Users\Com2us\Documents\Visual Studio 2010\Projects\다이사이\SocketMultiEchoServer\Release\mt.write.1.tlog
C:\USERS\COM2US\DOCUMENTS\VISUAL STUDIO 2010\PROJECTS\다이사이\SOCKETMULTIECHOSERVER\RELEASE\SOCKETMULTIECHOSERVER.EXE.INTERMEDIATE.MANIFEST
C:\USERS\COM2US\DOCUMENTS\VISUAL STUDIO 2010\PROJECTS\다이사이\SOCKETMULTIECHOSERVER\RELEASE\SOCKETMULTIECHOSERVER.OBJ
C:\USERS\COM2US\DOCUMENTS\VISUAL STUDIO 2010\PROJECTS\다이사이\SOCKETMULTIECHOSERVER\RELEASE\SOCKETMULTIECHOSERVER.PCH
C:\Users\Com2us\Documents\Visual Studio 2010\Projects\다이사이\SocketMultiEchoServer\Release\SocketMultiEchoServer.vcxprojResolveAssemblyReference.cache
C:\Users\Com2us\Documents\Visual Studio 2010\Projects\다이사이\SocketMultiEchoServer\Release\SocketMultiEchoServer.write.1.tlog
C:\USERS\COM2US\DOCUMENTS\VISUAL STUDIO 2010\PROJECTS\다이사이\SOCKETMULTIECHOSERVER\RELEASE\STDAFX.OBJ
C:\USERS\COM2US\DOCUMENTS\VISUAL STUDIO 2010\PROJECTS\다이사이\SOCKETMULTIECHOSERVER\RELEASE\VC100.PDB
